\BOOKMARK [0][-]{chapter.1}{\376\377\0001\000\040\000C\000l\000a\000s\000s\000\040\000I\000n\000d\000e\000x}{}% 1
\BOOKMARK [1][-]{section.1.1}{\376\377\0001\000.\0001\000\040\000C\000l\000a\000s\000s\000\040\000L\000i\000s\000t}{chapter.1}% 2
\BOOKMARK [0][-]{chapter.2}{\376\377\0002\000\040\000C\000l\000a\000s\000s\000\040\000D\000o\000c\000u\000m\000e\000n\000t\000a\000t\000i\000o\000n}{}% 3
\BOOKMARK [1][-]{section.2.1}{\376\377\0002\000.\0001\000\040\000C\000h\000o\000w\000C\000h\000o\000w\000:\000:\000A\000m\000p\000\040\000C\000l\000a\000s\000s\000\040\000R\000e\000f\000e\000r\000e\000n\000c\000e}{chapter.2}% 4
\BOOKMARK [2][-]{subsection.2.1.1}{\376\377\0002\000.\0001\000.\0001\000\040\000D\000e\000t\000a\000i\000l\000e\000d\000\040\000D\000e\000s\000c\000r\000i\000p\000t\000i\000o\000n}{section.2.1}% 5
\BOOKMARK [2][-]{subsection.2.1.2}{\376\377\0002\000.\0001\000.\0002\000\040\000M\000e\000m\000b\000e\000r\000\040\000D\000a\000t\000a\000\040\000D\000o\000c\000u\000m\000e\000n\000t\000a\000t\000i\000o\000n}{section.2.1}% 6
\BOOKMARK [3][-]{subsubsection.2.1.2.1}{\376\377\0002\000.\0001\000.\0002\000.\0001\000\040\000A\000M\000P\000\137\000D\000O\000W\000N\000\137\000M\000A\000X}{subsection.2.1.2}% 7
\BOOKMARK [3][-]{subsubsection.2.1.2.2}{\376\377\0002\000.\0001\000.\0002\000.\0002\000\040\000A\000M\000P\000\137\000D\000O\000W\000N\000\137\000M\000A\000X\000\137\000P\0001\0000}{subsection.2.1.2}% 8
\BOOKMARK [3][-]{subsubsection.2.1.2.3}{\376\377\0002\000.\0001\000.\0002\000.\0003\000\040\000A\000M\000P\000\137\000M\000A\000X}{subsection.2.1.2}% 9
\BOOKMARK [3][-]{subsubsection.2.1.2.4}{\376\377\0002\000.\0001\000.\0002\000.\0004\000\040\000S\000C\000A\000L\000E\000\137\000D\000O\000W\000N}{subsection.2.1.2}% 10
\BOOKMARK [1][-]{section.2.2}{\376\377\0002\000.\0002\000\040\000C\000h\000o\000w\000C\000h\000o\000w\000:\000:\000F\000r\000e\000q\000u\000e\000n\000c\000y\000\040\000C\000l\000a\000s\000s\000\040\000R\000e\000f\000e\000r\000e\000n\000c\000e}{chapter.2}% 11
\BOOKMARK [2][-]{subsection.2.2.1}{\376\377\0002\000.\0002\000.\0001\000\040\000D\000e\000t\000a\000i\000l\000e\000d\000\040\000D\000e\000s\000c\000r\000i\000p\000t\000i\000o\000n}{section.2.2}% 12
\BOOKMARK [1][-]{section.2.3}{\376\377\0002\000.\0003\000\040\000C\000h\000o\000w\000C\000h\000o\000w\000:\000:\000O\000p\000e\000r\000a\000t\000o\000r\000\040\000C\000l\000a\000s\000s\000\040\000R\000e\000f\000e\000r\000e\000n\000c\000e}{chapter.2}% 13
\BOOKMARK [2][-]{subsection.2.3.1}{\376\377\0002\000.\0003\000.\0001\000\040\000D\000e\000t\000a\000i\000l\000e\000d\000\040\000D\000e\000s\000c\000r\000i\000p\000t\000i\000o\000n}{section.2.3}% 14
\BOOKMARK [2][-]{subsection.2.3.2}{\376\377\0002\000.\0003\000.\0002\000\040\000M\000e\000m\000b\000e\000r\000\040\000F\000u\000n\000c\000t\000i\000o\000n\000\040\000D\000o\000c\000u\000m\000e\000n\000t\000a\000t\000i\000o\000n}{section.2.3}% 15
\BOOKMARK [3][-]{subsubsection.2.3.2.1}{\376\377\0002\000.\0003\000.\0002\000.\0001\000\040\000f\000r\000e\000q\000\050\000\051}{subsection.2.3.2}% 16
\BOOKMARK [3][-]{subsubsection.2.3.2.2}{\376\377\0002\000.\0003\000.\0002\000.\0002\000\040\000f\000r\000e\000q\000\137\000o\000f\000f\000s\000e\000t\000\050\000\051}{subsection.2.3.2}% 17
\BOOKMARK [3][-]{subsubsection.2.3.2.3}{\376\377\0002\000.\0003\000.\0002\000.\0003\000\040\000i\000n\000d\000e\000x\000\050\000\051}{subsection.2.3.2}% 18
\BOOKMARK [3][-]{subsubsection.2.3.2.4}{\376\377\0002\000.\0003\000.\0002\000.\0004\000\040\000r\000a\000t\000i\000o\000\050\000\051}{subsection.2.3.2}% 19
\BOOKMARK [3][-]{subsubsection.2.3.2.5}{\376\377\0002\000.\0003\000.\0002\000.\0005\000\040\000s\000i\000g\000\050\000\051}{subsection.2.3.2}% 20
\BOOKMARK [3][-]{subsubsection.2.3.2.6}{\376\377\0002\000.\0003\000.\0002\000.\0006\000\040\000v\000i\000b\000r\000a\000t\000o\000\050\000\051}{subsection.2.3.2}% 21
\BOOKMARK [3][-]{subsubsection.2.3.2.7}{\376\377\0002\000.\0003\000.\0002\000.\0007\000\040\000v\000i\000b\000r\000a\000t\000o\000\137\000a\000m\000p\000\050\000\051}{subsection.2.3.2}% 22
\BOOKMARK [3][-]{subsubsection.2.3.2.8}{\376\377\0002\000.\0003\000.\0002\000.\0008\000\040\000v\000i\000b\000r\000a\000t\000o\000\137\000f\000r\000e\000q\000\050\000\051}{subsection.2.3.2}% 23
\BOOKMARK [3][-]{subsubsection.2.3.2.9}{\376\377\0002\000.\0003\000.\0002\000.\0009\000\040\000w\000a\000v\000e\000\050\000\051}{subsection.2.3.2}% 24
\BOOKMARK [1][-]{section.2.4}{\376\377\0002\000.\0004\000\040\000C\000h\000o\000w\000C\000h\000o\000w\000:\000:\000O\000p\000e\000r\000a\000t\000o\000r\000s\000<\000\040\000N\000\040\000>\000\040\000C\000l\000a\000s\000s\000\040\000T\000e\000m\000p\000l\000a\000t\000e\000\040\000R\000e\000f\000e\000r\000e\000n\000c\000e}{chapter.2}% 25
\BOOKMARK [2][-]{subsection.2.4.1}{\376\377\0002\000.\0004\000.\0001\000\040\000D\000e\000t\000a\000i\000l\000e\000d\000\040\000D\000e\000s\000c\000r\000i\000p\000t\000i\000o\000n}{section.2.4}% 26
\BOOKMARK [2][-]{subsection.2.4.2}{\376\377\0002\000.\0004\000.\0002\000\040\000M\000e\000m\000b\000e\000r\000\040\000F\000u\000n\000c\000t\000i\000o\000n\000\040\000D\000o\000c\000u\000m\000e\000n\000t\000a\000t\000i\000o\000n}{section.2.4}% 27
\BOOKMARK [3][-]{subsubsection.2.4.2.1}{\376\377\0002\000.\0004\000.\0002\000.\0001\000\040\000c\000h\000e\000c\000k\000\137\000s\000i\000g\000\050\000\051}{subsection.2.4.2}% 28
\BOOKMARK [3][-]{subsubsection.2.4.2.2}{\376\377\0002\000.\0004\000.\0002\000.\0002\000\040\000c\000o\000n\000n\000e\000c\000t\000\050\000\051}{subsection.2.4.2}% 29
\BOOKMARK [3][-]{subsubsection.2.4.2.3}{\376\377\0002\000.\0004\000.\0002\000.\0003\000\040\000c\000o\000n\000n\000e\000c\000t\000i\000o\000n\000\050\000\051}{subsection.2.4.2}% 30
\BOOKMARK [3][-]{subsubsection.2.4.2.4}{\376\377\0002\000.\0004\000.\0002\000.\0004\000\040\000i\000s\000\137\000o\000u\000t\000p\000u\000t\000\050\000\051}{subsection.2.4.2}% 31
\BOOKMARK [3][-]{subsubsection.2.4.2.5}{\376\377\0002\000.\0004\000.\0002\000.\0005\000\040\000o\000p\000e\000r\000a\000t\000o\000r\000[\000]\000\050\000\051}{subsection.2.4.2}% 32
\BOOKMARK [3][-]{subsubsection.2.4.2.6}{\376\377\0002\000.\0004\000.\0002\000.\0006\000\040\000o\000u\000t\000p\000u\000t\000\050\000\051}{subsection.2.4.2}% 33
\BOOKMARK [3][-]{subsubsection.2.4.2.7}{\376\377\0002\000.\0004\000.\0002\000.\0007\000\040\000s\000i\000g\000\050\000\051}{subsection.2.4.2}% 34
\BOOKMARK [1][-]{section.2.5}{\376\377\0002\000.\0005\000\040\000C\000h\000o\000w\000C\000h\000o\000w\000:\000:\000P\000h\000a\000s\000e\000\040\000C\000l\000a\000s\000s\000\040\000R\000e\000f\000e\000r\000e\000n\000c\000e}{chapter.2}% 35
\BOOKMARK [2][-]{subsection.2.5.1}{\376\377\0002\000.\0005\000.\0001\000\040\000D\000e\000t\000a\000i\000l\000e\000d\000\040\000D\000e\000s\000c\000r\000i\000p\000t\000i\000o\000n}{section.2.5}% 36
\BOOKMARK [2][-]{subsection.2.5.2}{\376\377\0002\000.\0005\000.\0002\000\040\000M\000e\000m\000b\000e\000r\000\040\000D\000a\000t\000a\000\040\000D\000o\000c\000u\000m\000e\000n\000t\000a\000t\000i\000o\000n}{section.2.5}% 37
\BOOKMARK [3][-]{subsubsection.2.5.2.1}{\376\377\0002\000.\0005\000.\0002\000.\0001\000\040\000L\000O\000N\000G\000\137\000D\000\137\000P\000I}{subsection.2.5.2}% 38
\BOOKMARK [1][-]{section.2.6}{\376\377\0002\000.\0006\000\040\000C\000h\000o\000w\000C\000h\000o\000w\000:\000:\000S\000a\000m\000p\000l\000e\000\040\000C\000l\000a\000s\000s\000\040\000R\000e\000f\000e\000r\000e\000n\000c\000e}{chapter.2}% 39
\BOOKMARK [2][-]{subsection.2.6.1}{\376\377\0002\000.\0006\000.\0001\000\040\000D\000e\000t\000a\000i\000l\000e\000d\000\040\000D\000e\000s\000c\000r\000i\000p\000t\000i\000o\000n}{section.2.6}% 40
\BOOKMARK [1][-]{section.2.7}{\376\377\0002\000.\0007\000\040\000C\000h\000o\000w\000C\000h\000o\000w\000:\000:\000S\000e\000t\000t\000i\000n\000g\000\040\000C\000l\000a\000s\000s\000\040\000R\000e\000f\000e\000r\000e\000n\000c\000e}{chapter.2}% 41
\BOOKMARK [2][-]{subsection.2.7.1}{\376\377\0002\000.\0007\000.\0001\000\040\000D\000e\000t\000a\000i\000l\000e\000d\000\040\000D\000e\000s\000c\000r\000i\000p\000t\000i\000o\000n}{section.2.7}% 42
\BOOKMARK [1][-]{section.2.8}{\376\377\0002\000.\0008\000\040\000C\000h\000o\000w\000C\000h\000o\000w\000:\000:\000W\000A\000V\000F\000i\000l\000e\000\040\000C\000l\000a\000s\000s\000\040\000R\000e\000f\000e\000r\000e\000n\000c\000e}{chapter.2}% 43
\BOOKMARK [2][-]{subsection.2.8.1}{\376\377\0002\000.\0008\000.\0001\000\040\000D\000e\000t\000a\000i\000l\000e\000d\000\040\000D\000e\000s\000c\000r\000i\000p\000t\000i\000o\000n}{section.2.8}% 44
\BOOKMARK [2][-]{subsection.2.8.2}{\376\377\0002\000.\0008\000.\0002\000\040\000C\000o\000n\000s\000t\000r\000u\000c\000t\000o\000r\000\040\000\046\000\040\000D\000e\000s\000t\000r\000u\000c\000t\000o\000r\000\040\000D\000o\000c\000u\000m\000e\000n\000t\000a\000t\000i\000o\000n}{section.2.8}% 45
\BOOKMARK [3][-]{subsubsection.2.8.2.1}{\376\377\0002\000.\0008\000.\0002\000.\0001\000\040\000W\000A\000V\000F\000i\000l\000e\000\050\000\051\000\040\000[\0001\000/\0002\000]}{subsection.2.8.2}% 46
\BOOKMARK [3][-]{subsubsection.2.8.2.2}{\376\377\0002\000.\0008\000.\0002\000.\0002\000\040\000W\000A\000V\000F\000i\000l\000e\000\050\000\051\000\040\000[\0002\000/\0002\000]}{subsection.2.8.2}% 47
\BOOKMARK [2][-]{subsection.2.8.3}{\376\377\0002\000.\0008\000.\0003\000\040\000M\000e\000m\000b\000e\000r\000\040\000F\000u\000n\000c\000t\000i\000o\000n\000\040\000D\000o\000c\000u\000m\000e\000n\000t\000a\000t\000i\000o\000n}{section.2.8}% 48
\BOOKMARK [3][-]{subsubsection.2.8.3.1}{\376\377\0002\000.\0008\000.\0003\000.\0001\000\040\000w\000r\000i\000t\000e\000\050\000\051}{subsection.2.8.3}% 49
\BOOKMARK [0][-]{section*.21}{\376\377\000I\000n\000d\000e\000x}{}% 50
